This is pdfTeX, Version 3.14159265-2.6-1.40.18 (MiKTeX 2.9.6350 64-bit) (preloaded format=pdflatex 2017.6.27)  11 OCT 2017 16:52
entering extended mode
**./problem-2.tex
(problem-2.tex
LaTeX2e <2017-04-15>
Babel <3.10> and hyphenation patterns for 75 language(s) loaded.
("C:\Program Files\MiKTeX 2.9\tex\latex\base\article.cls"
Document Class: article 2014/09/29 v1.4h Standard LaTeX document class
("C:\Program Files\MiKTeX 2.9\tex\latex\base\size12.clo"
File: size12.clo 2014/09/29 v1.4h Standard LaTeX file (size option)
)
\c@part=\count79
\c@section=\count80
\c@subsection=\count81
\c@subsubsection=\count82
\c@paragraph=\count83
\c@subparagraph=\count84
\c@figure=\count85
\c@table=\count86
\abovecaptionskip=\skip41
\belowcaptionskip=\skip42
\bibindent=\dimen102
)
("C:\Program Files\MiKTeX 2.9\tex\latex\graphics\graphicx.sty"
Package: graphicx 2014/10/28 v1.0g Enhanced LaTeX Graphics (DPC,SPQR)

("C:\Program Files\MiKTeX 2.9\tex\latex\graphics\keyval.sty"
Package: keyval 2014/10/28 v1.15 key=value parser (DPC)
\KV@toks@=\toks14
)
("C:\Program Files\MiKTeX 2.9\tex\latex\graphics\graphics.sty"
Package: graphics 2017/04/14 v1.1b Standard LaTeX Graphics (DPC,SPQR)

("C:\Program Files\MiKTeX 2.9\tex\latex\graphics\trig.sty"
Package: trig 2016/01/03 v1.10 sin cos tan (DPC)
)
("C:\Program Files\MiKTeX 2.9\tex\latex\graphics-cfg\graphics.cfg"
File: graphics.cfg 2016/06/04 v1.11 sample graphics configuration
)
Package graphics Info: Driver file: pdftex.def on input line 99.

("C:\Program Files\MiKTeX 2.9\tex\latex\graphics-def\pdftex.def"
File: pdftex.def 2017/01/12 v0.06k Graphics/color for pdfTeX

("C:\Program Files\MiKTeX 2.9\tex\generic\oberdiek\infwarerr.sty"
Package: infwarerr 2016/05/16 v1.4 Providing info/warning/error messages (HO)
)
("C:\Program Files\MiKTeX 2.9\tex\generic\oberdiek\ltxcmds.sty"
Package: ltxcmds 2016/05/16 v1.23 LaTeX kernel commands for general use (HO)
)
\Gread@gobject=\count87
))
\Gin@req@height=\dimen103
\Gin@req@width=\dimen104
)
(problem-2.aux)
\openout1 = `problem-2.aux'.

LaTeX Font Info:    Checking defaults for OML/cmm/m/it on input line 5.
LaTeX Font Info:    ... okay on input line 5.
LaTeX Font Info:    Checking defaults for T1/cmr/m/n on input line 5.
LaTeX Font Info:    ... okay on input line 5.
LaTeX Font Info:    Checking defaults for OT1/cmr/m/n on input line 5.
LaTeX Font Info:    ... okay on input line 5.
LaTeX Font Info:    Checking defaults for OMS/cmsy/m/n on input line 5.
LaTeX Font Info:    ... okay on input line 5.
LaTeX Font Info:    Checking defaults for OMX/cmex/m/n on input line 5.
LaTeX Font Info:    ... okay on input line 5.
LaTeX Font Info:    Checking defaults for U/cmr/m/n on input line 5.
LaTeX Font Info:    ... okay on input line 5.

(C:\Users\Razor\AppData\Roaming\MiKTeX\2.9\tex\context\base\supp-pdf.mkii
[Loading MPS to PDF converter (version 2006.09.02).]
\scratchcounter=\count88
\scratchdimen=\dimen105
\scratchbox=\box26
\nofMPsegments=\count89
\nofMParguments=\count90
\everyMPshowfont=\toks15
\MPscratchCnt=\count91
\MPscratchDim=\dimen106
\MPnumerator=\count92
\makeMPintoPDFobject=\count93
\everyMPtoPDFconversion=\toks16
) ("C:\Program Files\MiKTeX 2.9\tex\generic\oberdiek\pdftexcmds.sty"
Package: pdftexcmds 2017/03/19 v0.25 Utility functions of pdfTeX for LuaTeX (HO
)

("C:\Program Files\MiKTeX 2.9\tex\generic\oberdiek\ifluatex.sty"
Package: ifluatex 2016/05/16 v1.4 Provides the ifluatex switch (HO)
Package ifluatex Info: LuaTeX not detected.
)
("C:\Program Files\MiKTeX 2.9\tex\generic\oberdiek\ifpdf.sty"
Package: ifpdf 2017/03/15 v3.2 Provides the ifpdf switch
)
Package pdftexcmds Info: LuaTeX not detected.
Package pdftexcmds Info: \pdf@primitive is available.
Package pdftexcmds Info: \pdf@ifprimitive is available.
Package pdftexcmds Info: \pdfdraftmode found.
)
("C:\Program Files\MiKTeX 2.9\tex\latex\oberdiek\epstopdf-base.sty"
Package: epstopdf-base 2016/05/15 v2.6 Base part for package epstopdf

("C:\Program Files\MiKTeX 2.9\tex\latex\oberdiek\grfext.sty"
Package: grfext 2016/05/16 v1.2 Manage graphics extensions (HO)

("C:\Program Files\MiKTeX 2.9\tex\generic\oberdiek\kvdefinekeys.sty"
Package: kvdefinekeys 2016/05/16 v1.4 Define keys (HO)
))
("C:\Program Files\MiKTeX 2.9\tex\latex\oberdiek\kvoptions.sty"
Package: kvoptions 2016/05/16 v3.12 Key value format for package options (HO)

("C:\Program Files\MiKTeX 2.9\tex\generic\oberdiek\kvsetkeys.sty"
Package: kvsetkeys 2016/05/16 v1.17 Key value parser (HO)

("C:\Program Files\MiKTeX 2.9\tex\generic\oberdiek\etexcmds.sty"
Package: etexcmds 2016/05/16 v1.6 Avoid name clashes with e-TeX commands (HO)
Package etexcmds Info: Could not find \expanded.
(etexcmds)             That can mean that you are not using pdfTeX 1.50 or
(etexcmds)             that some package has redefined \expanded.
(etexcmds)             In the latter case, load this package earlier.
)))
Package epstopdf-base Info: Redefining graphics rule for `.eps' on input line 4
38.
Package grfext Info: Graphics extension search list:
(grfext)             [.png,.pdf,.jpg,.mps,.jpeg,.jbig2,.jb2,.PNG,.PDF,.JPG,.JPE
G,.JBIG2,.JB2,.eps]
(grfext)             \AppendGraphicsExtensions on input line 456.
)
Underfull \hbox (badness 10000) in paragraph at lines 6--7

 []

LaTeX Font Info:    External font `cmex10' loaded for size
(Font)              <14.4> on input line 19.
LaTeX Font Info:    External font `cmex10' loaded for size
(Font)              <7> on input line 19.

Overfull \hbox (28.27364pt too wide) in paragraph at lines 19--29
\OT1/cmr/m/n/14.4 GPA: $[3\OML/cmm/m/it/14.4 :\OT1/cmr/m/n/14.4 9\OML/cmm/m/it/
14.4 ; \OT1/cmr/m/n/14.4 4\OML/cmm/m/it/14.4 :\OT1/cmr/m/n/14.4 0]$ $3(\OML/cmm
/m/it/14.4 PPP\OT1/cmr/m/n/14.4 )$ , $(3\OML/cmm/m/it/14.4 :\OT1/cmr/m/n/14.4 2
\OML/cmm/m/it/14.4 ; \OT1/cmr/m/n/14.4 3\OML/cmm/m/it/14.4 :\OT1/cmr/m/n/14.4 9
)$ $5(\OML/cmm/m/it/14.4 PPPNN\OT1/cmr/m/n/14.4 )$ , $[3\OML/cmm/m/it/14.4 :\OT
1/cmr/m/n/14.4 0\OML/cmm/m/it/14.4 ; \OT1/cmr/m/n/14.4 3\OML/cmm/m/it/14.4 :\OT
1/cmr/m/n/14.4 2]$ $4(\OML/cmm/m/it/14.4 NNNN\OT1/cmr/m/n/14.4 )$ 
 []


Underfull \hbox (badness 10000) in paragraph at lines 19--29

 []


Overfull \hbox (49.0988pt too wide) in paragraph at lines 19--29
\OT1/cmr/m/n/14.4 Gain(GPA)=1-[$[]$ B($[]$)+$[]$ B($[]$)+$[]$ B($[]$)]=1-[0.0+0
.404562747689+0.0]
 []


Underfull \hbox (badness 10000) in paragraph at lines 19--29

 []


Overfull \hbox (47.87782pt too wide) in paragraph at lines 19--29
\OT1/cmr/m/n/14.4 1-[0.404562747689+0.229573958514+0.270426041486] =0.095437252
395 
 []


Underfull \hbox (badness 10000) in paragraph at lines 19--29

 []


Overfull \hbox (94.42119pt too wide) in paragraph at lines 19--29
\OT1/cmr/m/n/14.4 Gain(Publication)=1-[$[]$ B($[]$)+$[]$ B($[]$)]=1-[0.40456274
7689+0.574716412687]=
 []


Underfull \hbox (badness 10000) in paragraph at lines 19--29

 []


Overfull \hbox (70.63147pt too wide) in paragraph at lines 19--29
\OT1/cmr/m/n/14.4 1-[$[]$ B($[]$)+$[]$ B($[]$)]=1-[0.636289335283+0.27042604148
6]= 0.093284623231 
 []


Underfull \hbox (badness 10000) in paragraph at lines 19--29

 []

[1

{C:/ProgramData/MiKTeX/2.9/pdftex/config/pdftex.map}]
<Images/"problem-2-step1".png, id=9, 602.25pt x 301.125pt>
File: Images/"problem-2-step1".png Graphic file (type png)

<use Images/"problem-2-step1".png>
Package pdftex.def Info: Images/"problem-2-step1".png used on input line 32.
(pdftex.def)             Requested size: 481.80064pt x 240.90031pt.

Overfull \hbox (109.42546pt too wide) in paragraph at lines 32--34
[][]
 []


Underfull \hbox (badness 10000) in paragraph at lines 35--45

 []


Underfull \hbox (badness 10000) in paragraph at lines 35--45

 []


Overfull \hbox (40.55504pt too wide) in paragraph at lines 35--45
\OT1/cmr/m/n/14.4 Gain(Publication)=0.970950594455-[$[]$ B($[]$)+$[]$ B($[]$)]=
0.970950594455-
 []


Underfull \hbox (badness 10000) in paragraph at lines 35--45

 []


Overfull \hbox (26.73668pt too wide) in paragraph at lines 35--45
\OT1/cmr/m/n/14.4 Gain(Recommendation)=0.970950594455-[$[]$ B($[]$)]=0.97095059
4455-
 []


Underfull \hbox (badness 10000) in paragraph at lines 35--45

 []

[2 <./Images/problem-2-step1.png>]
<Images/"problem-2-step2".png, id=14, 602.25pt x 301.125pt>
File: Images/"problem-2-step2".png Graphic file (type png)

<use Images/"problem-2-step2".png>
Package pdftex.def Info: Images/"problem-2-step2".png used on input line 48.
(pdftex.def)             Requested size: 481.80064pt x 240.90031pt.

Overfull \hbox (109.42546pt too wide) in paragraph at lines 48--50
[][]
 []


Overfull \hbox (82.84476pt too wide) in paragraph at lines 51--56
\OT1/cmr/m/n/14.4 Gain(University)=0.918295834054-[$[]$ B($[]$)+$[]$ B($[]$)+$[
]$ B($[]$)]=0.918295834054-
 []


Underfull \hbox (badness 10000) in paragraph at lines 51--56

 []


Overfull \hbox (26.73668pt too wide) in paragraph at lines 51--56
\OT1/cmr/m/n/14.4 Gain(Recommendation)=0.918295834054-[$[]$ B($[]$)]=0.91829583
4054-
 []


Underfull \hbox (badness 10000) in paragraph at lines 51--56

 []

<Images/"problem-2-step3".png, id=15, 602.25pt x 301.125pt>
File: Images/"problem-2-step3".png Graphic file (type png)

<use Images/"problem-2-step3".png>
Package pdftex.def Info: Images/"problem-2-step3".png used on input line 59.
(pdftex.def)             Requested size: 481.80064pt x 240.90031pt.

Overfull \hbox (109.42546pt too wide) in paragraph at lines 59--60
[][] 
 []

[3 <./Images/problem-2-step2.png>]
<Images/"problem-2-final".png, id=21, 602.25pt x 451.6875pt>
File: Images/"problem-2-final".png Graphic file (type png)

<use Images/"problem-2-final".png>
Package pdftex.def Info: Images/"problem-2-final".png used on input line 64.
(pdftex.def)             Requested size: 361.35278pt x 271.01459pt.
 [4 <./Images/problem-2-step3.png> <./Images/problem-2-final.png>]
<Images/"problem-3-a-copy".png, id=27, 757.32938pt x 514.92375pt>
File: Images/"problem-3-a-copy".png Graphic file (type png)

<use Images/"problem-3-a-copy".png>
Package pdftex.def Info: Images/"problem-3-a-copy".png used on input line 77.
(pdftex.def)             Requested size: 454.40114pt x 308.95662pt.

Overfull \hbox (82.02596pt too wide) in paragraph at lines 77--78
[][] 
 []

[5 <./Images/problem-3-a-copy.png>]
<Images/"problem-3-c".png, id=31, 757.32938pt x 514.92375pt>
File: Images/"problem-3-c".png Graphic file (type png)

<use Images/"problem-3-c".png>
Package pdftex.def Info: Images/"problem-3-c".png used on input line 108.
(pdftex.def)             Requested size: 454.40114pt x 308.95662pt.

Overfull \hbox (82.02596pt too wide) in paragraph at lines 108--109
[][] 
 []

[6] [7 <./Images/problem-3-c.png>] (problem-2.aux) ) 
Here is how much of TeX's memory you used:
 1504 strings out of 493323
 21792 string characters out of 3139066
 81871 words of memory out of 3000000
 5054 multiletter control sequences out of 15000+200000
 6071 words of font info for 22 fonts, out of 3000000 for 9000
 1141 hyphenation exceptions out of 8191
 39i,5n,25p,249b,117s stack positions out of 5000i,500n,10000p,200000b,50000s
<C:/Program Files/MiKTeX 2.
9/fonts/type1/public/amsfonts/cm/cmbx12.pfb><C:/Program Files/MiKTeX 2.9/fonts/
type1/public/amsfonts/cm/cmex10.pfb><C:/Program Files/MiKTeX 2.9/fonts/type1/pu
blic/amsfonts/cm/cmmi10.pfb><C:/Program Files/MiKTeX 2.9/fonts/type1/public/ams
fonts/cm/cmmi12.pfb><C:/Program Files/MiKTeX 2.9/fonts/type1/public/amsfonts/cm
/cmmi7.pfb><C:/Program Files/MiKTeX 2.9/fonts/type1/public/amsfonts/cm/cmr10.pf
b><C:/Program Files/MiKTeX 2.9/fonts/type1/public/amsfonts/cm/cmr12.pfb><C:/Pro
gram Files/MiKTeX 2.9/fonts/type1/public/amsfonts/cm/cmr7.pfb><C:/Program Files
/MiKTeX 2.9/fonts/type1/public/amsfonts/cm/cmsy10.pfb><C:/Program Files/MiKTeX 
2.9/fonts/type1/public/amsfonts/cm/cmsy7.pfb>
Output written on problem-2.pdf (7 pages, 215265 bytes).
PDF statistics:
 77 PDF objects out of 1000 (max. 8388607)
 0 named destinations out of 1000 (max. 500000)
 31 words of extra memory for PDF output out of 10000 (max. 10000000)

