This is pdfTeX, Version 3.14159265-2.6-1.40.17 (MiKTeX 2.9.6210 64-bit) (preloaded format=pdflatex 2017.2.16)  23 OCT 2017 18:16
entering extended mode
**"./Assignment 2 Report.tex"
("Assignment 2 Report.tex"
LaTeX2e <2017/01/01> patch level 1
Babel <3.9r> and hyphenation patterns for 75 language(s) loaded.
("C:\Program Files\MiKTeX 2.9\tex\latex\base\article.cls"
Document Class: article 2014/09/29 v1.4h Standard LaTeX document class
("C:\Program Files\MiKTeX 2.9\tex\latex\base\size12.clo"
File: size12.clo 2014/09/29 v1.4h Standard LaTeX file (size option)
)
\c@part=\count79
\c@section=\count80
\c@subsection=\count81
\c@subsubsection=\count82
\c@paragraph=\count83
\c@subparagraph=\count84
\c@figure=\count85
\c@table=\count86
\abovecaptionskip=\skip41
\belowcaptionskip=\skip42
\bibindent=\dimen102
)
("C:\Program Files\MiKTeX 2.9\tex\latex\graphics\graphicx.sty"
Package: graphicx 2014/10/28 v1.0g Enhanced LaTeX Graphics (DPC,SPQR)

("C:\Program Files\MiKTeX 2.9\tex\latex\graphics\keyval.sty"
Package: keyval 2014/10/28 v1.15 key=value parser (DPC)
\KV@toks@=\toks14
)
("C:\Program Files\MiKTeX 2.9\tex\latex\graphics\graphics.sty"
Package: graphics 2016/10/09 v1.0u Standard LaTeX Graphics (DPC,SPQR)

("C:\Program Files\MiKTeX 2.9\tex\latex\graphics\trig.sty"
Package: trig 2016/01/03 v1.10 sin cos tan (DPC)
)
("C:\Program Files\MiKTeX 2.9\tex\latex\graphics-cfg\graphics.cfg"
File: graphics.cfg 2016/06/04 v1.11 sample graphics configuration
)
Package graphics Info: Driver file: pdftex.def on input line 99.

("C:\Program Files\MiKTeX 2.9\tex\latex\graphics-def\pdftex.def"
File: pdftex.def 2017/01/12 v0.06k Graphics/color for pdfTeX

("C:\Program Files\MiKTeX 2.9\tex\generic\oberdiek\infwarerr.sty"
Package: infwarerr 2016/05/16 v1.4 Providing info/warning/error messages (HO)
)
("C:\Program Files\MiKTeX 2.9\tex\generic\oberdiek\ltxcmds.sty"
Package: ltxcmds 2016/05/16 v1.23 LaTeX kernel commands for general use (HO)
)
\Gread@gobject=\count87
))
\Gin@req@height=\dimen103
\Gin@req@width=\dimen104
)
("Assignment 2 Report.aux")
\openout1 = `"Assignment 2 Report.aux"'.

LaTeX Font Info:    Checking defaults for OML/cmm/m/it on input line 5.
LaTeX Font Info:    ... okay on input line 5.
LaTeX Font Info:    Checking defaults for T1/cmr/m/n on input line 5.
LaTeX Font Info:    ... okay on input line 5.
LaTeX Font Info:    Checking defaults for OT1/cmr/m/n on input line 5.
LaTeX Font Info:    ... okay on input line 5.
LaTeX Font Info:    Checking defaults for OMS/cmsy/m/n on input line 5.
LaTeX Font Info:    ... okay on input line 5.
LaTeX Font Info:    Checking defaults for OMX/cmex/m/n on input line 5.
LaTeX Font Info:    ... okay on input line 5.
LaTeX Font Info:    Checking defaults for U/cmr/m/n on input line 5.
LaTeX Font Info:    ... okay on input line 5.

("C:\Program Files\MiKTeX 2.9\tex\context\base\supp-pdf.mkii"
[Loading MPS to PDF converter (version 2006.09.02).]
\scratchcounter=\count88
\scratchdimen=\dimen105
\scratchbox=\box26
\nofMPsegments=\count89
\nofMParguments=\count90
\everyMPshowfont=\toks15
\MPscratchCnt=\count91
\MPscratchDim=\dimen106
\MPnumerator=\count92
\makeMPintoPDFobject=\count93
\everyMPtoPDFconversion=\toks16
) ("C:\Program Files\MiKTeX 2.9\tex\generic\oberdiek\pdftexcmds.sty"
Package: pdftexcmds 2016/05/21 v0.22 Utility functions of pdfTeX for LuaTeX (HO
)

("C:\Program Files\MiKTeX 2.9\tex\generic\oberdiek\ifluatex.sty"
Package: ifluatex 2016/05/16 v1.4 Provides the ifluatex switch (HO)
Package ifluatex Info: LuaTeX not detected.
)
("C:\Program Files\MiKTeX 2.9\tex\generic\oberdiek\ifpdf.sty"
Package: ifpdf 2016/05/14 v3.1 Provides the ifpdf switch
)
Package pdftexcmds Info: LuaTeX not detected.
Package pdftexcmds Info: \pdf@primitive is available.
Package pdftexcmds Info: \pdf@ifprimitive is available.
Package pdftexcmds Info: \pdfdraftmode found.
)
("C:\Program Files\MiKTeX 2.9\tex\latex\oberdiek\epstopdf-base.sty"
Package: epstopdf-base 2016/05/15 v2.6 Base part for package epstopdf

("C:\Program Files\MiKTeX 2.9\tex\latex\oberdiek\grfext.sty"
Package: grfext 2016/05/16 v1.2 Manage graphics extensions (HO)

("C:\Program Files\MiKTeX 2.9\tex\generic\oberdiek\kvdefinekeys.sty"
Package: kvdefinekeys 2016/05/16 v1.4 Define keys (HO)
))
("C:\Program Files\MiKTeX 2.9\tex\latex\oberdiek\kvoptions.sty"
Package: kvoptions 2016/05/16 v3.12 Key value format for package options (HO)

("C:\Program Files\MiKTeX 2.9\tex\generic\oberdiek\kvsetkeys.sty"
Package: kvsetkeys 2016/05/16 v1.17 Key value parser (HO)

("C:\Program Files\MiKTeX 2.9\tex\generic\oberdiek\etexcmds.sty"
Package: etexcmds 2016/05/16 v1.6 Avoid name clashes with e-TeX commands (HO)
Package etexcmds Info: Could not find \expanded.
(etexcmds)             That can mean that you are not using pdfTeX 1.50 or
(etexcmds)             that some package has redefined \expanded.
(etexcmds)             In the latter case, load this package earlier.
)))
Package epstopdf-base Info: Redefining graphics rule for `.eps' on input line 4
38.
Package grfext Info: Graphics extension search list:
(grfext)             [.png,.pdf,.jpg,.mps,.jpeg,.jbig2,.jb2,.PNG,.PDF,.JPG,.JPE
G,.JBIG2,.JB2,.eps]
(grfext)             \AppendGraphicsExtensions on input line 456.
)
Underfull \hbox (badness 10000) in paragraph at lines 6--7

 []

[1

{C:/ProgramData/MiKTeX/2.9/pdftex/config/pdftex.map}]
LaTeX Font Info:    External font `cmex10' loaded for size
(Font)              <14.4> on input line 22.
LaTeX Font Info:    External font `cmex10' loaded for size
(Font)              <7> on input line 22.

Overfull \hbox (28.27364pt too wide) in paragraph at lines 22--32
\OT1/cmr/m/n/14.4 GPA: $[3\OML/cmm/m/it/14.4 :\OT1/cmr/m/n/14.4 9\OML/cmm/m/it/
14.4 ; \OT1/cmr/m/n/14.4 4\OML/cmm/m/it/14.4 :\OT1/cmr/m/n/14.4 0]$ $3(\OML/cmm
/m/it/14.4 PPP\OT1/cmr/m/n/14.4 )$ , $(3\OML/cmm/m/it/14.4 :\OT1/cmr/m/n/14.4 2
\OML/cmm/m/it/14.4 ; \OT1/cmr/m/n/14.4 3\OML/cmm/m/it/14.4 :\OT1/cmr/m/n/14.4 9
)$ $5(\OML/cmm/m/it/14.4 PPPNN\OT1/cmr/m/n/14.4 )$ , $[3\OML/cmm/m/it/14.4 :\OT
1/cmr/m/n/14.4 0\OML/cmm/m/it/14.4 ; \OT1/cmr/m/n/14.4 3\OML/cmm/m/it/14.4 :\OT
1/cmr/m/n/14.4 2]$ $4(\OML/cmm/m/it/14.4 NNNN\OT1/cmr/m/n/14.4 )$ 
 []


Underfull \hbox (badness 10000) in paragraph at lines 22--32

 []


Overfull \hbox (49.0988pt too wide) in paragraph at lines 22--32
\OT1/cmr/m/n/14.4 Gain(GPA)=1-[$[]$ B($[]$)+$[]$ B($[]$)+$[]$ B($[]$)]=1-[0.0+0
.404562747689+0.0]
 []


Underfull \hbox (badness 10000) in paragraph at lines 22--32

 []


Overfull \hbox (47.87782pt too wide) in paragraph at lines 22--32
\OT1/cmr/m/n/14.4 1-[0.404562747689+0.229573958514+0.270426041486] =0.095437252
395 
 []


Underfull \hbox (badness 10000) in paragraph at lines 22--32

 []


Overfull \hbox (94.42119pt too wide) in paragraph at lines 22--32
\OT1/cmr/m/n/14.4 Gain(Publication)=1-[$[]$ B($[]$)+$[]$ B($[]$)]=1-[0.40456274
7689+0.574716412687]=
 []


Underfull \hbox (badness 10000) in paragraph at lines 22--32

 []


Overfull \hbox (70.63147pt too wide) in paragraph at lines 22--32
\OT1/cmr/m/n/14.4 1-[$[]$ B($[]$)+$[]$ B($[]$)]=1-[0.636289335283+0.27042604148
6]= 0.093284623231 
 []


Underfull \hbox (badness 10000) in paragraph at lines 22--32

 []

<Images/"problem-2-step1".png, id=7, 602.25pt x 301.125pt>
File: Images/"problem-2-step1".png Graphic file (type png)

<use Images/"problem-2-step1".png>
Package pdftex.def Info: Images/"problem-2-step1".png used on input line 35.
(pdftex.def)             Requested size: 481.80064pt x 240.90031pt.

Overfull \hbox (109.42546pt too wide) in paragraph at lines 35--37
[][]
 []

[2]
Underfull \hbox (badness 10000) in paragraph at lines 38--48

 []


Underfull \hbox (badness 10000) in paragraph at lines 38--48

 []


Overfull \hbox (40.55504pt too wide) in paragraph at lines 38--48
\OT1/cmr/m/n/14.4 Gain(Publication)=0.970950594455-[$[]$ B($[]$)+$[]$ B($[]$)]=
0.970950594455-
 []


Underfull \hbox (badness 10000) in paragraph at lines 38--48

 []


Overfull \hbox (26.73668pt too wide) in paragraph at lines 38--48
\OT1/cmr/m/n/14.4 Gain(Recommendation)=0.970950594455-[$[]$ B($[]$)]=0.97095059
4455-
 []


Underfull \hbox (badness 10000) in paragraph at lines 38--48

 []

<Images/"problem-2-step2".png, id=13, 602.25pt x 301.125pt>
File: Images/"problem-2-step2".png Graphic file (type png)

<use Images/"problem-2-step2".png>
Package pdftex.def Info: Images/"problem-2-step2".png used on input line 51.
(pdftex.def)             Requested size: 481.80064pt x 240.90031pt.

Overfull \hbox (109.42546pt too wide) in paragraph at lines 51--53
[][]
 []

[3 <./Images/problem-2-step1.png>]
Overfull \hbox (82.84476pt too wide) in paragraph at lines 54--59
\OT1/cmr/m/n/14.4 Gain(University)=0.918295834054-[$[]$ B($[]$)+$[]$ B($[]$)+$[
]$ B($[]$)]=0.918295834054-
 []


Underfull \hbox (badness 10000) in paragraph at lines 54--59

 []


Overfull \hbox (26.73668pt too wide) in paragraph at lines 54--59
\OT1/cmr/m/n/14.4 Gain(Recommendation)=0.918295834054-[$[]$ B($[]$)]=0.91829583
4054-
 []


Underfull \hbox (badness 10000) in paragraph at lines 54--59

 []

<Images/"problem-2-step3".png, id=18, 602.25pt x 301.125pt>
File: Images/"problem-2-step3".png Graphic file (type png)

<use Images/"problem-2-step3".png>
Package pdftex.def Info: Images/"problem-2-step3".png used on input line 62.
(pdftex.def)             Requested size: 481.80064pt x 240.90031pt.

Overfull \hbox (109.42546pt too wide) in paragraph at lines 62--63
[][] 
 []

[4 <./Images/problem-2-step2.png>]
<Images/"problem-2-final".png, id=24, 602.25pt x 451.6875pt>
File: Images/"problem-2-final".png Graphic file (type png)

<use Images/"problem-2-final".png>
Package pdftex.def Info: Images/"problem-2-final".png used on input line 67.
(pdftex.def)             Requested size: 361.35278pt x 271.01459pt.
 [5 <./Images/problem-2-step3.png> <./Images/problem-2-final.png>] [6]
<Images/"problem-3-a-copy".png, id=33, 757.32938pt x 514.92375pt>
File: Images/"problem-3-a-copy".png Graphic file (type png)

<use Images/"problem-3-a-copy".png>
Package pdftex.def Info: Images/"problem-3-a-copy".png used on input line 81.
(pdftex.def)             Requested size: 454.40114pt x 308.95662pt.

Overfull \hbox (82.02596pt too wide) in paragraph at lines 81--82
[][] 
 []

[7 <./Images/problem-3-a-copy.png>]
<Images/"problem-3-c".png, id=40, 757.32938pt x 514.92375pt>
File: Images/"problem-3-c".png Graphic file (type png)

<use Images/"problem-3-c".png>
Package pdftex.def Info: Images/"problem-3-c".png used on input line 112.
(pdftex.def)             Requested size: 454.40114pt x 308.95662pt.

Overfull \hbox (82.02596pt too wide) in paragraph at lines 112--113
[][] 
 []

[8] [9 <./Images/problem-3-c.png>]
<Images/"Problem 4/Initial Linear Separator".png, id=51, 440.847pt x 451.08525p
t>
File: Images/"Problem 4/Initial Linear Separator".png Graphic file (type png)
 <use Images/"Problem 4/Initial Linear Separator".png>
Package pdftex.def Info: Images/"Problem 4/Initial Linear Separator".png used o
n input line 122.
(pdftex.def)             Requested size: 264.51024pt x 270.65324pt.
LaTeX Font Info:    Try loading font information for OMS+cmr on input line 127.


("C:\Program Files\MiKTeX 2.9\tex\latex\base\omscmr.fd"
File: omscmr.fd 2014/09/29 v2.5h Standard LaTeX font definitions
)
LaTeX Font Info:    Font shape `OMS/cmr/m/n' in size <14.4> not available
(Font)              Font shape `OMS/cmsy/m/n' tried instead on input line 127.
 [10 <./Images/Problem 4/Initial Linear Separator.png>] [11]
<Images/"Problem 4/Line 2".png, id=59, 478.1865pt x 473.3685pt>
File: Images/"Problem 4/Line 2".png Graphic file (type png)

<use Images/"Problem 4/Line 2".png>
Package pdftex.def Info: Images/"Problem 4/Line 2".png used on input line 159.
(pdftex.def)             Requested size: 286.91411pt x 284.02328pt.

<Images/"Problem 4/Line 3".png, id=60, 387.849pt x 405.9165pt>
File: Images/"Problem 4/Line 3".png Graphic file (type png)

<use Images/"Problem 4/Line 3".png>
Package pdftex.def Info: Images/"Problem 4/Line 3".png used on input line 167.
(pdftex.def)             Requested size: 232.71118pt x 243.55177pt.
 [12 <./Images/Problem 4/Line 2.png>]
<Images/"Problem 4/Line 4".png, id=65, 396.88275pt x 398.08725pt>
File: Images/"Problem 4/Line 4".png Graphic file (type png)

<use Images/"Problem 4/Line 4".png>
Package pdftex.def Info: Images/"Problem 4/Line 4".png used on input line 173.
(pdftex.def)             Requested size: 238.13148pt x 238.85419pt.
 [13 <./Images/Problem 4/Line 3.png> <./Images/Problem 4/Line 4.png>]
<Images/"Problem 4/Line 5".png, id=72, 398.08725pt x 395.67825pt>
File: Images/"Problem 4/Line 5".png Graphic file (type png)

<use Images/"Problem 4/Line 5".png>
Package pdftex.def Info: Images/"Problem 4/Line 5".png used on input line 179.
(pdftex.def)             Requested size: 238.85419pt x 237.40877pt.

<Images/"Problem 4/Line 6".png, id=73, 387.24675pt x 405.31425pt>
File: Images/"Problem 4/Line 6".png Graphic file (type png)

<use Images/"Problem 4/Line 6".png>
Package pdftex.def Info: Images/"Problem 4/Line 6".png used on input line 185.
(pdftex.def)             Requested size: 232.34982pt x 243.19043pt.
 [14 <./Images/Problem 4/Line 5.png>]
<Images/"Problem 4/Best Line".png, id=78, 423.984pt x 420.3705pt>
File: Images/"Problem 4/Best Line".png Graphic file (type png)

<use Images/"Problem 4/Best Line".png>
Package pdftex.def Info: Images/"Problem 4/Best Line".png used on input line 19
3.
(pdftex.def)             Requested size: 254.39235pt x 252.22424pt.
 [15 <./Images/Problem 4/Line 6.png>]
<Images/"Problem 4/1D Diagram".png, id=83, 333.6465pt x 64.44075pt>
File: Images/"Problem 4/1D Diagram".png Graphic file (type png)

<use Images/"Problem 4/1D Diagram".png>
Package pdftex.def Info: Images/"Problem 4/1D Diagram".png used on input line 1
99.
(pdftex.def)             Requested size: 333.64568pt x 64.44058pt.
 [16 <./Images/Problem 4/Best Line.png> <./Images/Problem 4/1D Diagram.png>] [1
7]
Overfull \hbox (133.80823pt too wide) in paragraph at lines 214--215
[]\OT1/cmr/m/n/14.4 Class 1: (0.03,0.50),(0.11,1.2),(0.5,0.75),(0.54,0.23),(0.7
,0.65),(0.8,0.25),(0.91,0.44); 
 []


Overfull \hbox (28.84294pt too wide) in paragraph at lines 216--217
[]\OT1/cmr/m/n/14.4 Class -1: (0.07,0.73),(0.23,0.49),(0.24,0.33),(0.35,0.35),(
0.46,0.46); 
 []

<Images/"problem-5a".png, id=91, 511.9125pt x 398.99063pt>
File: Images/"problem-5a".png Graphic file (type png)

<use Images/"problem-5a".png>
Package pdftex.def Info: Images/"problem-5a".png used on input line 223.
(pdftex.def)             Requested size: 307.14987pt x 239.39622pt.

Underfull \hbox (badness 10000) in paragraph at lines 227--239

 []


Underfull \hbox (badness 10000) in paragraph at lines 227--239

 []

[18 <./Images/problem-5a.png>]
<Images/"problem-5b-1".png, id=95, 511.9125pt x 398.99063pt>
File: Images/"problem-5b-1".png Graphic file (type png)

<use Images/"problem-5b-1".png>
Package pdftex.def Info: Images/"problem-5b-1".png used on input line 240.
(pdftex.def)             Requested size: 307.14987pt x 239.39622pt.
 [19 <./Images/problem-5b-1.png>]
Underfull \hbox (badness 10000) in paragraph at lines 245--246

 []

<Images/"problem-5b-2".png, id=100, 602.25pt x 451.6875pt>
File: Images/"problem-5b-2".png Graphic file (type png)

<use Images/"problem-5b-2".png>
Package pdftex.def Info: Images/"problem-5b-2".png used on input line 247.
(pdftex.def)             Requested size: 361.35278pt x 271.01459pt.
 [20 <./Images/problem-5b-2.png>]
("Assignment 2 Report.aux") ) 
Here is how much of TeX's memory you used:
 1578 strings out of 493333
 23873 string characters out of 3139188
 82461 words of memory out of 3000000
 5103 multiletter control sequences out of 15000+200000
 6071 words of font info for 22 fonts, out of 3000000 for 9000
 1141 hyphenation exceptions out of 8191
 39i,5n,25p,275b,175s stack positions out of 5000i,500n,10000p,200000b,50000s
<C:/Program Files/MiKTeX 2.9/fonts/type1/public/am
sfonts/cm/cmbx12.pfb><C:/Program Files/MiKTeX 2.9/fonts/type1/public/amsfonts/c
m/cmex10.pfb><C:/Program Files/MiKTeX 2.9/fonts/type1/public/amsfonts/cm/cmmi10
.pfb><C:/Program Files/MiKTeX 2.9/fonts/type1/public/amsfonts/cm/cmmi12.pfb><C:
/Program Files/MiKTeX 2.9/fonts/type1/public/amsfonts/cm/cmmi7.pfb><C:/Program 
Files/MiKTeX 2.9/fonts/type1/public/amsfonts/cm/cmr10.pfb><C:/Program Files/MiK
TeX 2.9/fonts/type1/public/amsfonts/cm/cmr12.pfb><C:/Program Files/MiKTeX 2.9/f
onts/type1/public/amsfonts/cm/cmr7.pfb><C:/Program Files/MiKTeX 2.9/fonts/type1
/public/amsfonts/cm/cmsy10.pfb><C:/Program Files/MiKTeX 2.9/fonts/type1/public/
amsfonts/cm/cmsy7.pfb>
Output written on "Assignment 2 Report.pdf" (20 pages, 477169 bytes).
PDF statistics:
 136 PDF objects out of 1000 (max. 8388607)
 0 named destinations out of 1000 (max. 500000)
 86 words of extra memory for PDF output out of 10000 (max. 10000000)

